\BOOKMARK [0][-]{chapter*.2}{\376\377\122\115\212\000}{}% 1
\BOOKMARK [0][-]{chapter.1}{\376\377\220\032\217\307\150\071\217\150\217\371\122\006\147\220\117\030\123\026\143\247\122\066\174\373\176\337}{}% 2
\BOOKMARK [1][-]{section.1.1}{\376\377\123\237\174\373\176\337\150\071\217\150\217\371}{chapter.1}% 3
\BOOKMARK [2][-]{subsection.1.1.1}{\376\377\150\071\217\150\217\371\166\204\176\330\122\066}{section.1.1}% 4
\BOOKMARK [2][-]{subsection.1.1.2}{\376\377\174\373\176\337\172\063\133\232\140\047\122\006\147\220}{section.1.1}% 5
\BOOKMARK [2][-]{subsection.1.1.3}{\376\377\226\073\134\074\153\324\000\040\000\040\124\214\201\352\161\066\230\221\163\207\000\040\000n\000\040\166\204\121\340\117\125\141\017\116\111}{section.1.1}% 6
\BOOKMARK [2][-]{subsection.1.1.4}{\376\377\150\071\143\156\215\205\214\003\221\317\220\011\142\351\124\010\220\002\166\204\130\236\166\312\000\040\000K}{section.1.1}% 7
\BOOKMARK [1][-]{section.1.2}{\376\377\153\324\117\213\000-\137\256\122\006\143\247\122\066}{chapter.1}% 8
\BOOKMARK [2][-]{subsection.1.2.1}{\376\377\123\237\174\373\176\337\166\204\213\304\117\060}{section.1.2}% 9
\BOOKMARK [2][-]{subsection.1.2.2}{\376\377\153\324\117\213\000-\137\256\122\006\143\247\122\066\126\150\213\276\213\241}{section.1.2}% 10
\BOOKMARK [2][-]{subsection.1.2.3}{\376\377\217\333\116\000\153\145\122\006\147\220}{section.1.2}% 11
\BOOKMARK [1][-]{section.1.3}{\376\377\217\307\172\013\116\055\166\204\121\166\133\203\134\035\213\325\124\214\123\315\140\035}{chapter.1}% 12
\BOOKMARK [0][-]{chapter.2}{\376\377\176\277\140\047\174\373\176\337\166\204\150\041\153\143\145\271\154\325}{}% 13
\BOOKMARK [1][-]{section.2.1}{\376\377\123\237\174\373\176\337\166\204\230\221\127\337\124\214\145\366\127\337\122\006\147\220}{chapter.2}% 14
\BOOKMARK [2][-]{subsection.2.1.1}{\376\377\130\236\166\312\000K\166\204\170\156\133\232}{section.2.1}% 15
\BOOKMARK [2][-]{subsection.2.1.2}{\376\377\174\373\176\337\145\366\127\337\124\214\230\221\127\337\140\047\200\375}{section.2.1}% 16
\BOOKMARK [1][-]{section.2.2}{\376\377\116\062\200\124\150\041\153\143\210\305\177\156\166\204\213\276\177\156\124\214\140\047\200\375\122\006\147\220}{chapter.2}% 17
\BOOKMARK [2][-]{subsection.2.2.1}{\376\377\116\062\200\124\215\205\122\115\150\041\153\143\210\305\177\156\166\204\213\276\213\241\124\214\122\006\147\220}{section.2.2}% 18
\BOOKMARK [2][-]{subsection.2.2.2}{\376\377\116\062\200\124\217\337\124\016\000-\215\205\122\115\150\041\153\143\166\204\213\276\213\241\124\214\122\006\147\220}{section.2.2}% 19
\BOOKMARK [2][-]{subsection.2.2.3}{\376\377\116\062\200\124\217\337\124\016\150\041\153\143\174\373\176\337\166\204\213\276\213\241\124\214\122\006\147\220}{section.2.2}% 20
\BOOKMARK [2][-]{subsection.2.2.4}{\376\377\116\011\171\315\150\041\153\143\145\271\137\017\133\371\153\324\122\006\147\220}{section.2.2}% 21
\BOOKMARK [0][-]{appendix.A}{\376\377\000M\000A\000T\000L\000A\000B\116\343\170\001}{}% 22
\BOOKMARK [1][-]{appendix.A.1}{\376\377\213\376\230\230\116\000\116\343\170\001}{appendix.A}% 23
\BOOKMARK [1][-]{appendix.A.2}{\376\377\213\376\230\230\116\214\116\343\170\001}{appendix.A}% 24
\BOOKMARK [0][-]{appendix*.44}{\376\377\121\166\133\203\213\364\146\016}{}% 25
